base/build/intermediates/manifest_merge_blame_file/debug/manifest-merger-blame-debug-report.txt
1<?xml version="1.0" encoding="utf-8"?>
2<!--
3  ~ Copyright 2018 Google LLC
4  ~
5  ~ Licensed under the Apache License, Version 2.0 (the "License");
6  ~ you may not use this file except in compliance with the License.
7  ~ You may obtain a copy of the License at
8  ~
9  ~     https://www.apache.org/licenses/LICENSE-2.0
10  ~
11  ~ Unless required by applicable law or agreed to in writing, software
12  ~ distributed under the License is distributed on an "AS IS" BASIS,
13  ~ WITHOUT WARRANTIES OR CONDITIONS OF ANY KIND, either express or implied.
14  ~ See the License for the specific language governing permissions and
15  ~ limitations under the License.
16-->
17<manifest xmlns:android="http://schemas.android.com/apk/res/android"
18    package="com.example.android.watchface.watchfacekotlin"
19    android:versionCode="10002"
20    android:versionName="1.0.2" >
21
22    <uses-sdk
23        android:minSdkVersion="23"
23-->src\main\AndroidManifest.xml
24        android:targetSdkVersion="28" />
24-->src\main\AndroidManifest.xml
25
26    <uses-feature android:name="android.hardware.type.watch" />
26-->src\main\AndroidManifest.xml:21:5-64
26-->src\main\AndroidManifest.xml:21:19-61
27
28    <!-- Required to act as a custom watch face. -->
29    <uses-permission android:name="android.permission.WAKE_LOCK" /> <!-- Required for complications to receive complication data and open the provider chooser. -->
29-->src\main\AndroidManifest.xml:24:5-68
29-->src\main\AndroidManifest.xml:24:22-65
30    <uses-permission android:name="com.google.android.wearable.permission.RECEIVE_COMPLICATION_DATA" />
30-->src\main\AndroidManifest.xml:25:5-104
30-->src\main\AndroidManifest.xml:25:22-101
31
32    <application
32-->src\main\AndroidManifest.xml:27:5-61:19
33        android:allowBackup="true"
33-->src\main\AndroidManifest.xml:28:9-35
34        android:appComponentFactory="androidx.core.app.CoreComponentFactory"
34-->[androidx.core:core:1.1.0] AndroidManifest.xml:24:18-86
35        android:debuggable="true"
36        android:extractNativeLibs="false"
37        android:icon="@mipmap/ic_launcher"
37-->src\main\AndroidManifest.xml:29:9-43
38        android:label="@string/app_name"
38-->src\main\AndroidManifest.xml:30:9-41
39        android:supportsRtl="true"
39-->src\main\AndroidManifest.xml:31:9-35
40        android:testOnly="true"
41        android:theme="@android:style/Theme.DeviceDefault" >
41-->src\main\AndroidManifest.xml:32:9-59
42        <meta-data
42-->src\main\AndroidManifest.xml:33:9-35:36
43            android:name="com.google.android.wearable.standalone"
43-->src\main\AndroidManifest.xml:34:13-66
44            android:value="true" />
44-->src\main\AndroidManifest.xml:35:13-33
45
46        <service
46-->src\main\AndroidManifest.xml:37:9-56:19
47            android:name="com.example.android.watchface.watchfacekotlin.AnalogDslWatchFace"
47-->src\main\AndroidManifest.xml:38:13-47
48            android:label="@string/my_analog_name"
48-->src\main\AndroidManifest.xml:39:13-51
49            android:permission="android.permission.BIND_WALLPAPER" >
49-->src\main\AndroidManifest.xml:40:13-67
50            <meta-data
50-->src\main\AndroidManifest.xml:41:13-43:54
51                android:name="android.service.wallpaper"
51-->src\main\AndroidManifest.xml:42:17-57
52                android:resource="@xml/watch_face" />
52-->src\main\AndroidManifest.xml:43:17-51
53            <meta-data
53-->src\main\AndroidManifest.xml:44:13-46:65
54                android:name="com.google.android.wearable.watchface.preview"
54-->src\main\AndroidManifest.xml:45:17-77
55                android:resource="@drawable/background_image" />
55-->src\main\AndroidManifest.xml:46:17-62
56            <meta-data
56-->src\main\AndroidManifest.xml:47:13-49:65
57                android:name="com.google.android.wearable.watchface.preview_circular"
57-->src\main\AndroidManifest.xml:48:17-86
58                android:resource="@drawable/background_image" />
58-->src\main\AndroidManifest.xml:49:17-62
59
60            <intent-filter>
60-->src\main\AndroidManifest.xml:51:13-55:29
61                <action android:name="android.service.wallpaper.WallpaperService" />
61-->src\main\AndroidManifest.xml:52:17-85
61-->src\main\AndroidManifest.xml:52:25-82
62
63                <category android:name="com.google.android.wearable.watchface.category.WATCH_FACE" />
63-->src\main\AndroidManifest.xml:54:17-102
63-->src\main\AndroidManifest.xml:54:27-99
64            </intent-filter>
65        </service>
66
67        <meta-data
67-->src\main\AndroidManifest.xml:58:9-60:69
68            android:name="com.google.android.gms.version"
68-->src\main\AndroidManifest.xml:59:13-58
69            android:value="@integer/google_play_services_version" />
69-->src\main\AndroidManifest.xml:60:13-66
70
71        <uses-library
71-->[com.google.android.support:wearable:2.7.0] AndroidManifest.xml:10:9-12:40
72            android:name="com.google.android.wearable"
72-->[com.google.android.support:wearable:2.7.0] AndroidManifest.xml:11:13-55
73            android:required="false" />
73-->[com.google.android.support:wearable:2.7.0] AndroidManifest.xml:12:13-37
74
75        <activity
75-->[com.google.android.gms:play-services-base:17.0.0] AndroidManifest.xml:23:9-26:75
76            android:name="com.google.android.gms.common.api.GoogleApiActivity"
76-->[com.google.android.gms:play-services-base:17.0.0] AndroidManifest.xml:24:13-79
77            android:exported="false"
77-->[com.google.android.gms:play-services-base:17.0.0] AndroidManifest.xml:25:13-37
78            android:theme="@android:style/Theme.Translucent.NoTitleBar" />
78-->[com.google.android.gms:play-services-base:17.0.0] AndroidManifest.xml:26:13-72
79    </application>
80
81</manifest>